SF:lib/pages/feature_playlist/blocs/playlist_bloc.rxb.g.dart
DA:41,2
DA:44,2
DA:47,2
DA:50,2
DA:53,2
DA:56,1
DA:57,1
DA:59,1
DA:60,2
DA:62,1
DA:63,2
DA:65,1
DA:66,2
DA:68,1
DA:69,2
DA:71,1
DA:73,2
DA:75,1
DA:76,2
DA:78,1
DA:79,1
DA:81,1
DA:82,1
DA:84,1
DA:85,1
DA:87,1
DA:88,1
DA:90,1
DA:91,1
DA:93,1
DA:94,1
DA:108,0
DA:111,1
DA:114,0
DA:116,0
DA:117,0
DA:118,0
DA:119,0
DA:120,0
DA:121,0
DA:122,0
DA:123,0
LF:42
LH:32
end_of_record
SF:lib/pages/feature_playlist/blocs/playlist_bloc.dart
DA:38,1
DA:41,1
DA:42,2
DA:43,2
DA:44,2
DA:47,1
DA:48,1
DA:49,1
DA:50,1
DA:51,2
DA:52,2
DA:53,4
DA:55,1
DA:56,1
DA:58,1
DA:59,2
DA:60,1
DA:61,3
DA:62,1
DA:63,1
DA:64,1
DA:66,1
DA:67,2
DA:68,1
DA:69,2
DA:70,4
DA:71,3
DA:75,1
DA:76,3
DA:77,1
DA:78,1
DA:80,1
DA:81,2
DA:82,1
DA:83,2
DA:84,3
DA:85,3
DA:89,2
DA:90,1
DA:91,1
DA:93,1
DA:94,1
DA:96,1
DA:97,1
DA:99,1
DA:101,4
DA:103,1
DA:104,1
LF:48
LH:48
end_of_record
SF:lib/pages/feature_playlist/entities/music.dart
DA:36,0
DA:70,1
DA:71,2
DA:72,2
DA:73,2
DA:74,2
DA:75,2
DA:76,2
DA:77,2
DA:78,2
DA:79,2
DA:80,2
DA:81,2
DA:82,2
DA:83,2
DA:84,2
DA:85,2
DA:86,2
DA:87,2
DA:88,2
DA:89,2
DA:90,2
DA:91,2
DA:92,2
DA:93,2
DA:94,2
DA:95,2
DA:96,2
DA:97,2
DA:98,2
DA:99,2
DA:100,2
DA:101,2
DA:104,0
DA:105,0
DA:106,0
DA:107,0
DA:108,0
DA:109,0
DA:110,0
DA:111,0
DA:112,0
DA:113,0
DA:114,0
DA:115,0
DA:116,0
DA:117,0
DA:118,0
DA:119,0
DA:120,0
DA:121,0
DA:122,0
DA:123,0
DA:124,0
DA:125,0
DA:126,0
DA:127,0
DA:128,0
DA:129,0
DA:130,0
DA:131,0
DA:132,0
DA:133,0
DA:134,0
DA:135,0
DA:136,0
DA:140,1
DA:141,1
DA:142,1
DA:143,1
DA:144,1
DA:145,1
DA:146,1
DA:147,1
DA:148,1
DA:149,1
DA:150,1
DA:151,1
DA:152,1
DA:153,1
DA:154,1
DA:155,1
DA:156,1
DA:157,1
DA:158,1
DA:159,1
DA:160,1
DA:161,1
DA:162,1
DA:163,1
DA:164,1
DA:165,1
DA:166,1
DA:167,1
DA:168,1
DA:169,1
DA:170,1
DA:171,1
DA:172,1
LF:99
LH:65
end_of_record
SF:lib/pages/feature_playlist/entities/music_response.dart
DA:4,0
DA:11,1
DA:12,2
DA:13,7
DA:16,0
DA:17,0
DA:18,0
DA:19,0
LF:8
LH:3
end_of_record
SF:lib/pages/feature_playlist/entities/player_menu.dart
DA:1,2
LF:1
LH:1
end_of_record
SF:lib/pages/feature_playlist/blocs/playlist_usecase.dart
DA:15,0
DA:18,0
DA:20,0
DA:21,0
DA:22,0
DA:23,0
DA:24,0
DA:25,0
DA:26,0
DA:29,0
DA:31,0
LF:11
LH:0
end_of_record
